#
# There is insufficient memory for the Java Runtime Environment to continue.
# Native memory allocation (mmap) failed to map 134217728 bytes for Failed to commit area from 0x0000000081a00000 to 0x0000000089a00000 of length 134217728.
# Possible reasons:
#   The system is out of physical RAM or swap space
#   The process is running with CompressedOops enabled, and the Java Heap may be blocking the growth of the native heap
# Possible solutions:
#   Reduce memory load on the system
#   Increase physical memory or swap space
#   Check if swap backing store is full
#   Decrease Java heap size (-Xmx/-Xms)
#   Decrease number of Java threads
#   Decrease Java thread stack sizes (-Xss)
#   Set larger code cache with -XX:ReservedCodeCacheSize=
# This output file may be truncated or incomplete.
#
#  Out of Memory Error (t:/workspace/open/src/hotspot/os/windows/os_windows.cpp:3254), pid=5332, tid=23720
#
# JRE version:  (12.0.1+12) (build )
# Java VM: Java HotSpot(TM) 64-Bit Server VM (12.0.1+12, mixed mode, aot, sharing, tiered, compressed oops, g1 gc, windows-amd64)
# No core dump will be written. Minidumps are not enabled by default on client versions of Windows
#

---------------  S U M M A R Y ------------

Command Line: -Dfile.encoding=GBK Test.Main

Host: Intel(R) Core(TM) i7-7700HQ CPU @ 2.80GHz, 8 cores, 7G,  Windows 10 , 64 bit Build 17134 (10.0.17134.706)
Time: Wed May  1 12:52:10 2019 ?D1¨²¡À¨º¡Á?¨º¡À?? elapsed time: 0 seconds (0d 0h 0m 0s)

---------------  T H R E A D  ---------------

Current thread (0x000002157ba94000):  JavaThread "Unknown thread" [_thread_in_vm, id=23720, stack(0x000000b9b9c00000,0x000000b9b9d00000)]

Stack: [0x000000b9b9c00000,0x000000b9b9d00000]
Native frames: (J=compiled Java code, j=interpreted, Vv=VM code, C=native code)
V  [jvm.dll+0x63948a]
V  [jvm.dll+0x78b31f]
V  [jvm.dll+0x78c9c1]
V  [jvm.dll+0x78d013]
V  [jvm.dll+0x262138]
V  [jvm.dll+0x63698a]
V  [jvm.dll+0x62b505]
V  [jvm.dll+0x31d9bc]
V  [jvm.dll+0x31d7ef]
V  [jvm.dll+0x323526]
V  [jvm.dll+0x370f76]
V  [jvm.dll+0x370750]
V  [jvm.dll+0x2f786a]
V  [jvm.dll+0x2f8af2]
V  [jvm.dll+0x7657b7]
V  [jvm.dll+0x766e95]
V  [jvm.dll+0x37f089]
V  [jvm.dll+0x749b14]
V  [jvm.dll+0x3ee48d]
V  [jvm.dll+0x3f03c1]
C  [jli.dll+0x51cf]
C  [ucrtbase.dll+0x1e3fe]
C  [KERNEL32.DLL+0x14034]
C  [ntdll.dll+0x73691]


---------------  P R O C E S S  ---------------

Threads class SMR info:
_java_thread_list=0x00007fffe40948e8, length=0, elements={
}

Java Threads: ( => current thread )

Other Threads:
  0x000002157bad4800 GCTaskThread "GC Thread#0" [stack: 0x000000b9b9d00000,0x000000b9b9e00000] [id=23724]
  0x000002157bae4800 ConcurrentGCThread "G1 Main Marker" [stack: 0x000000b9b9e00000,0x000000b9b9f00000] [id=23728]
  0x000002157baeb000 ConcurrentGCThread "G1 Conc#0" [stack: 0x000000b9b9f00000,0x000000b9ba000000] [id=23732]

[error occurred during error reporting (printing all threads), id 0xc0000005, EXCEPTION_ACCESS_VIOLATION (0xc0000005) at pc=0x00007fffe38c7a37]

VM state:not at safepoint (not fully initialized)

VM Mutex/Monitor currently owned by a thread:  ([mutex/lock_event])
[0x000002157ba8fbd0] Heap_lock - owner thread: 0x000002157ba94000

Heap address: 0x0000000081a00000, size: 2022 MB, Compressed Oops mode: Non-zero based: 0x0000000081a00000
Narrow klass base: 0x0000000000000000, Narrow klass shift: 0

GC Heap History (0 events):
No events

Deoptimization events (0 events):
No events

Classes redefined (0 events):
No events

Internal exceptions (0 events):
No events

Events (0 events):
No events


Dynamic libraries:
0x00007ff656fc0000 - 0x00007ff656fcf000 	D:\Java\jdk-12.0.1\bin\javaw.exe
0x00007ff829890000 - 0x00007ff829a71000 	C:\WINDOWS\SYSTEM32\ntdll.dll
0x00007ff829020000 - 0x00007ff8290d1000 	C:\WINDOWS\System32\KERNEL32.DLL
0x00007ff826120000 - 0x00007ff826393000 	C:\WINDOWS\System32\KERNELBASE.dll
0x00007ff825ce0000 - 0x00007ff825dd8000 	C:\WINDOWS\System32\ucrtbase.dll
0x00007ff81fc90000 - 0x00007ff81fca8000 	D:\Java\jdk-12.0.1\bin\jli.dll
0x00007ff826d20000 - 0x00007ff826dc1000 	C:\WINDOWS\System32\ADVAPI32.dll
0x00007ff826f90000 - 0x00007ff82702e000 	C:\WINDOWS\System32\msvcrt.dll
0x00007ff827720000 - 0x00007ff82777b000 	C:\WINDOWS\System32\sechost.dll
0x00007ff829550000 - 0x00007ff829674000 	C:\WINDOWS\System32\RPCRT4.dll
0x00007ff81fce0000 - 0x00007ff81fcf6000 	D:\Java\jdk-12.0.1\bin\VCRUNTIME140.dll
0x00007ff826e00000 - 0x00007ff826f90000 	C:\WINDOWS\System32\USER32.dll
0x00007ff826d00000 - 0x00007ff826d20000 	C:\WINDOWS\System32\win32u.dll
0x00007ff827800000 - 0x00007ff827828000 	C:\WINDOWS\System32\GDI32.dll
0x00007ff825f30000 - 0x00007ff8260c2000 	C:\WINDOWS\System32\gdi32full.dll
0x00007ff825e90000 - 0x00007ff825f2f000 	C:\WINDOWS\System32\msvcp_win.dll
0x00007ff817c30000 - 0x00007ff817e99000 	C:\WINDOWS\WinSxS\amd64_microsoft.windows.common-controls_6595b64144ccf1df_6.0.17134.706_none_fb43a2cb30647007\COMCTL32.dll
0x00007ff828cf0000 - 0x00007ff829012000 	C:\WINDOWS\System32\combase.dll
0x00007ff825c60000 - 0x00007ff825cda000 	C:\WINDOWS\System32\bcryptPrimitives.dll
0x00007ff81de80000 - 0x00007ff81de8a000 	C:\WINDOWS\SYSTEM32\VERSION.dll
0x00007ff826dd0000 - 0x00007ff826dfd000 	C:\WINDOWS\System32\IMM32.DLL
0x00007ff8196a0000 - 0x00007ff81974a000 	D:\Java\jdk-12.0.1\bin\msvcp140.dll
0x00007fffe35c0000 - 0x00007fffe4134000 	D:\Java\jdk-12.0.1\bin\server\jvm.dll
0x00007ff827830000 - 0x00007ff827838000 	C:\WINDOWS\System32\PSAPI.DLL
0x00007ff823de0000 - 0x00007ff823e03000 	C:\WINDOWS\SYSTEM32\WINMM.dll
0x00007ff8227f0000 - 0x00007ff8227f9000 	C:\WINDOWS\SYSTEM32\WSOCK32.dll
0x00007ff8276b0000 - 0x00007ff82771c000 	C:\WINDOWS\System32\WS2_32.dll
0x00007ff823cc0000 - 0x00007ff823cea000 	C:\WINDOWS\SYSTEM32\winmmbase.dll
0x00007ff8260d0000 - 0x00007ff826119000 	C:\WINDOWS\System32\cfgmgr32.dll
0x00007ff825c40000 - 0x00007ff825c51000 	C:\WINDOWS\System32\kernel.appcore.dll
0x00007ff822190000 - 0x00007ff8221a1000 	D:\Java\jdk-12.0.1\bin\verify.dll
0x00007ff813a70000 - 0x00007ff813c39000 	C:\WINDOWS\SYSTEM32\DBGHELP.DLL
0x00007ff813600000 - 0x00007ff813629000 	C:\WINDOWS\SYSTEM32\dbgcore.DLL
0x00007ff821ff0000 - 0x00007ff822016000 	D:\Java\jdk-12.0.1\bin\java.dll
0x00007ff821ea0000 - 0x00007ff821eb7000 	D:\Java\jdk-12.0.1\bin\zip.dll
0x00007ff821e90000 - 0x00007ff821e9a000 	D:\Java\jdk-12.0.1\bin\jimage.dll

dbghelp: loaded successfully - version: 4.0.5 - missing functions: none
symbol engine: initialized successfully - sym options: 0x614 - pdb path: .;D:\Java\jdk-12.0.1\bin;C:\WINDOWS\SYSTEM32;C:\WINDOWS\WinSxS\amd64_microsoft.windows.common-controls_6595b64144ccf1df_6.0.17134.706_none_fb43a2cb30647007;D:\Java\jdk-12.0.1\bin\server

VM Arguments:
jvm_args: -Dfile.encoding=GBK 
java_command: Test.Main
java_class_path (initial): E:\eclipse-workspace\Game of Life\bin
Launcher Type: SUN_STANDARD

[Global flags]
     intx CICompilerCount                          = 4                                         {product} {ergonomic}
     uint ConcGCThreads                            = 2                                         {product} {ergonomic}
     uint G1ConcRefinementThreads                  = 8                                         {product} {ergonomic}
   size_t G1HeapRegionSize                         = 1048576                                   {product} {ergonomic}
    uintx GCDrainStackTargetSize                   = 64                                        {product} {ergonomic}
   size_t InitialHeapSize                          = 134217728                                 {product} {ergonomic}
   size_t MarkStackSize                            = 4194304                                   {product} {ergonomic}
   size_t MaxHeapSize                              = 2120220672                                {product} {ergonomic}
   size_t MinHeapDeltaBytes                        = 1048576                                   {product} {ergonomic}
    uintx NonNMethodCodeHeapSize                   = 5836300                                {pd product} {ergonomic}
    uintx NonProfiledCodeHeapSize                  = 122910970                              {pd product} {ergonomic}
    uintx ProfiledCodeHeapSize                     = 122910970                              {pd product} {ergonomic}
    uintx ReservedCodeCacheSize                    = 251658240                              {pd product} {ergonomic}
     bool SegmentedCodeCache                       = true                                      {product} {ergonomic}
     bool UseCompressedClassPointers               = true                                 {lp64_product} {ergonomic}
     bool UseCompressedOops                        = true                                 {lp64_product} {ergonomic}
     bool UseG1GC                                  = true                                      {product} {ergonomic}
     bool UseLargePagesIndividualAllocation        = false                                  {pd product} {ergonomic}

Logging:
Log output configuration:
 #0: stdout all=warning uptime,level,tags
 #1: stderr all=off uptime,level,tags

Environment Variables:
JAVA_HOME=D:\Java\jdk-12.0.1
PATH=D:/Java/jdk-12.0.1/bin/server;D:/Java/jdk-12.0.1/bin;C:\WINDOWS\system32;C:\WINDOWS;C:\WINDOWS\System32\Wbem;C:\WINDOWS\System32\WindowsPowerShell\v1.0\;C:\WINDOWS\System32\OpenSSH\;D:\Java\jdk-12.0.1\bin;D:\TortoiseGit\bin;D:\Git\cmd;C:\Users\25721\AppData\Local\Microsoft\WindowsApps;C:\Users\25721\AppData\Local\GitHubDesktop\bin;C:\Users\25721\Desktop;
USERNAME=25721
OS=Windows_NT
PROCESSOR_IDENTIFIER=Intel64 Family 6 Model 158 Stepping 9, GenuineIntel



---------------  S Y S T E M  ---------------

OS: Windows 10 , 64 bit Build 17134 (10.0.17134.706)

CPU:total 8 (initial active 8) (4 cores per cpu, 2 threads per core) family 6 model 158 stepping 9, cmov, cx8, fxsr, mmx, sse, sse2, sse3, ssse3, sse4.1, sse4.2, popcnt, avx, avx2, aes, clmul, erms, 3dnowpref, lzcnt, ht, tsc, tscinvbit, bmi1, bmi2, adx, fma

Memory: 4k page, system-wide physical 8080M (1486M free)
TotalPageFile size 23120M (AvailPageFile size 40M)
current process WorkingSet (physical memory assigned to process): 10M, peak: 10M
current process commit charge ("private bytes"): 60M, peak: 188M

vm_info: Java HotSpot(TM) 64-Bit Server VM (12.0.1+12) for windows-amd64 JRE (12.0.1+12), built on Apr  2 2019 14:02:19 by "mach5one" with MS VC++ 15.5 (VS2017)

END.
