#
# There is insufficient memory for the Java Runtime Environment to continue.
# Native memory allocation (mmap) failed to map 2097152 bytes for Failed to commit area from 0x0000027b628e0000 to 0x0000027b62ae0000 of length 2097152.
# Possible reasons:
#   The system is out of physical RAM or swap space
#   The process is running with CompressedOops enabled, and the Java Heap may be blocking the growth of the native heap
# Possible solutions:
#   Reduce memory load on the system
#   Increase physical memory or swap space
#   Check if swap backing store is full
#   Decrease Java heap size (-Xmx/-Xms)
#   Decrease number of Java threads
#   Decrease Java thread stack sizes (-Xss)
#   Set larger code cache with -XX:ReservedCodeCacheSize=
# This output file may be truncated or incomplete.
#
#  Out of Memory Error (t:/workspace/open/src/hotspot/os/windows/os_windows.cpp:3254), pid=21580, tid=23220
#
# JRE version:  (12.0.1+12) (build )
# Java VM: Java HotSpot(TM) 64-Bit Server VM (12.0.1+12, mixed mode, aot, sharing, tiered, compressed oops, g1 gc, windows-amd64)
# No core dump will be written. Minidumps are not enabled by default on client versions of Windows
#

---------------  S U M M A R Y ------------

Command Line: -Dfile.encoding=GBK ProgressDialog

Host: Intel(R) Core(TM) i7-7700HQ CPU @ 2.80GHz, 8 cores, 7G,  Windows 10 , 64 bit Build 17134 (10.0.17134.706)
Time: Tue Apr 30 23:08:18 2019 ?D1¨²¡À¨º¡Á?¨º¡À?? elapsed time: 0 seconds (0d 0h 0m 0s)

---------------  T H R E A D  ---------------

Current thread (0x0000027b48608800):  JavaThread "Unknown thread" [_thread_in_vm, id=23220, stack(0x000000a6aae00000,0x000000a6aaf00000)]

Stack: [0x000000a6aae00000,0x000000a6aaf00000]
Native frames: (J=compiled Java code, j=interpreted, Vv=VM code, C=native code)
V  [jvm.dll+0x63948a]
V  [jvm.dll+0x78b31f]
V  [jvm.dll+0x78c9c1]
V  [jvm.dll+0x78d013]
V  [jvm.dll+0x262138]
V  [jvm.dll+0x63698a]
V  [jvm.dll+0x62b505]
V  [jvm.dll+0x31d9bc]
V  [jvm.dll+0x31d7ef]
V  [jvm.dll+0x323526]
V  [jvm.dll+0x370f9f]
V  [jvm.dll+0x370750]
V  [jvm.dll+0x2f786a]
V  [jvm.dll+0x2f8af2]
V  [jvm.dll+0x7657b7]
V  [jvm.dll+0x766e95]
V  [jvm.dll+0x37f089]
V  [jvm.dll+0x749b14]
V  [jvm.dll+0x3ee48d]
V  [jvm.dll+0x3f03c1]
C  [jli.dll+0x51cf]
C  [ucrtbase.dll+0x1e3fe]
C  [KERNEL32.DLL+0x14034]
C  [ntdll.dll+0x73691]


---------------  P R O C E S S  ---------------

Threads class SMR info:
_java_thread_list=0x00007ffbb02348e8, length=0, elements={
}

Java Threads: ( => current thread )

Other Threads:
  0x0000027b48685800 GCTaskThread "GC Thread#0" [stack: 0x000000a6aaf00000,0x000000a6ab000000] [id=22912]
  0x0000027b48694000 ConcurrentGCThread "G1 Main Marker" [stack: 0x000000a6ab000000,0x000000a6ab100000] [id=23168]
  0x0000027b48697000 ConcurrentGCThread "G1 Conc#0" [stack: 0x000000a6ab100000,0x000000a6ab200000] [id=23268]

[error occurred during error reporting (printing all threads), id 0xc0000005, EXCEPTION_ACCESS_VIOLATION (0xc0000005) at pc=0x00007ffbafa67a37]

VM state:not at safepoint (not fully initialized)

VM Mutex/Monitor currently owned by a thread:  ([mutex/lock_event])
[0x0000027b48605030] Heap_lock - owner thread: 0x0000027b48608800

Heap address: 0x0000000081a00000, size: 2022 MB, Compressed Oops mode: Non-zero based: 0x0000000081a00000
Narrow klass base: 0x0000000000000000, Narrow klass shift: 0

GC Heap History (0 events):
No events

Deoptimization events (0 events):
No events

Classes redefined (0 events):
No events

Internal exceptions (0 events):
No events

Events (0 events):
No events


Dynamic libraries:
0x00007ff76efb0000 - 0x00007ff76efbf000 	D:\Java\jdk-12.0.1\bin\javaw.exe
0x00007ffbfbcf0000 - 0x00007ffbfbed1000 	C:\WINDOWS\SYSTEM32\ntdll.dll
0x00007ffbfafa0000 - 0x00007ffbfb051000 	C:\WINDOWS\System32\KERNEL32.DLL
0x00007ffbf8210000 - 0x00007ffbf8483000 	C:\WINDOWS\System32\KERNELBASE.dll
0x00007ffbf86b0000 - 0x00007ffbf87a8000 	C:\WINDOWS\System32\ucrtbase.dll
0x00007ffbe1d40000 - 0x00007ffbe1d58000 	D:\Java\jdk-12.0.1\bin\jli.dll
0x00007ffbe02c0000 - 0x00007ffbe02d6000 	D:\Java\jdk-12.0.1\bin\VCRUNTIME140.dll
0x00007ffbfbaa0000 - 0x00007ffbfbb41000 	C:\WINDOWS\System32\ADVAPI32.dll
0x00007ffbfbc20000 - 0x00007ffbfbcbe000 	C:\WINDOWS\System32\msvcrt.dll
0x00007ffbfa720000 - 0x00007ffbfa77b000 	C:\WINDOWS\System32\sechost.dll
0x00007ffbfa5f0000 - 0x00007ffbfa714000 	C:\WINDOWS\System32\RPCRT4.dll
0x00007ffbfb740000 - 0x00007ffbfb8d0000 	C:\WINDOWS\System32\USER32.dll
0x00007ffbf8490000 - 0x00007ffbf84b0000 	C:\WINDOWS\System32\win32u.dll
0x00007ffbe83b0000 - 0x00007ffbe8619000 	C:\WINDOWS\WinSxS\amd64_microsoft.windows.common-controls_6595b64144ccf1df_6.0.17134.706_none_fb43a2cb30647007\COMCTL32.dll
0x00007ffbf9180000 - 0x00007ffbf91a8000 	C:\WINDOWS\System32\GDI32.dll
0x00007ffbf8510000 - 0x00007ffbf86a2000 	C:\WINDOWS\System32\gdi32full.dll
0x00007ffbfaa90000 - 0x00007ffbfadb2000 	C:\WINDOWS\System32\combase.dll
0x00007ffbf80c0000 - 0x00007ffbf815f000 	C:\WINDOWS\System32\msvcp_win.dll
0x00007ffbf9100000 - 0x00007ffbf917a000 	C:\WINDOWS\System32\bcryptPrimitives.dll
0x00007ffbf00a0000 - 0x00007ffbf00aa000 	C:\WINDOWS\SYSTEM32\VERSION.dll
0x00007ffbfadc0000 - 0x00007ffbfaded000 	C:\WINDOWS\System32\IMM32.DLL
0x00007ffbe0210000 - 0x00007ffbe02ba000 	D:\Java\jdk-12.0.1\bin\msvcp140.dll
0x00007ffbaf760000 - 0x00007ffbb02d4000 	D:\Java\jdk-12.0.1\bin\server\jvm.dll
0x00007ffbfb8d0000 - 0x00007ffbfb8d8000 	C:\WINDOWS\System32\PSAPI.DLL
0x00007ffbf6280000 - 0x00007ffbf62a3000 	C:\WINDOWS\SYSTEM32\WINMM.dll
0x00007ffbf62e0000 - 0x00007ffbf62e9000 	C:\WINDOWS\SYSTEM32\WSOCK32.dll
0x00007ffbfb1e0000 - 0x00007ffbfb24c000 	C:\WINDOWS\System32\WS2_32.dll
0x00007ffbf6120000 - 0x00007ffbf614a000 	C:\WINDOWS\SYSTEM32\winmmbase.dll
0x00007ffbf8ec0000 - 0x00007ffbf8f09000 	C:\WINDOWS\System32\cfgmgr32.dll
0x00007ffbf8040000 - 0x00007ffbf8051000 	C:\WINDOWS\System32\kernel.appcore.dll
0x00007ffbf3dd0000 - 0x00007ffbf3de1000 	D:\Java\jdk-12.0.1\bin\verify.dll
0x00007ffbe4550000 - 0x00007ffbe4719000 	C:\WINDOWS\SYSTEM32\DBGHELP.DLL
0x00007ffbe4e70000 - 0x00007ffbe4e99000 	C:\WINDOWS\SYSTEM32\dbgcore.DLL
0x00007ffbebe70000 - 0x00007ffbebe96000 	D:\Java\jdk-12.0.1\bin\java.dll
0x00007ffbf2bb0000 - 0x00007ffbf2bc7000 	D:\Java\jdk-12.0.1\bin\zip.dll
0x00007ffbf62c0000 - 0x00007ffbf62ca000 	D:\Java\jdk-12.0.1\bin\jimage.dll

dbghelp: loaded successfully - version: 4.0.5 - missing functions: none
symbol engine: initialized successfully - sym options: 0x614 - pdb path: .;D:\Java\jdk-12.0.1\bin;C:\WINDOWS\SYSTEM32;C:\WINDOWS\WinSxS\amd64_microsoft.windows.common-controls_6595b64144ccf1df_6.0.17134.706_none_fb43a2cb30647007;D:\Java\jdk-12.0.1\bin\server

VM Arguments:
jvm_args: -Dfile.encoding=GBK 
java_command: ProgressDialog
java_class_path (initial): E:\eclipse-workspace\Game of Life\bin
Launcher Type: SUN_STANDARD

[Global flags]
     intx CICompilerCount                          = 4                                         {product} {ergonomic}
     uint ConcGCThreads                            = 2                                         {product} {ergonomic}
     uint G1ConcRefinementThreads                  = 8                                         {product} {ergonomic}
   size_t G1HeapRegionSize                         = 1048576                                   {product} {ergonomic}
    uintx GCDrainStackTargetSize                   = 64                                        {product} {ergonomic}
   size_t InitialHeapSize                          = 134217728                                 {product} {ergonomic}
   size_t MarkStackSize                            = 4194304                                   {product} {ergonomic}
   size_t MaxHeapSize                              = 2120220672                                {product} {ergonomic}
   size_t MinHeapDeltaBytes                        = 1048576                                   {product} {ergonomic}
    uintx NonNMethodCodeHeapSize                   = 5836300                                {pd product} {ergonomic}
    uintx NonProfiledCodeHeapSize                  = 122910970                              {pd product} {ergonomic}
    uintx ProfiledCodeHeapSize                     = 122910970                              {pd product} {ergonomic}
    uintx ReservedCodeCacheSize                    = 251658240                              {pd product} {ergonomic}
     bool SegmentedCodeCache                       = true                                      {product} {ergonomic}
     bool UseCompressedClassPointers               = true                                 {lp64_product} {ergonomic}
     bool UseCompressedOops                        = true                                 {lp64_product} {ergonomic}
     bool UseG1GC                                  = true                                      {product} {ergonomic}
     bool UseLargePagesIndividualAllocation        = false                                  {pd product} {ergonomic}

Logging:
Log output configuration:
 #0: stdout all=warning uptime,level,tags
 #1: stderr all=off uptime,level,tags

Environment Variables:
JAVA_HOME=D:\Java\jdk-12.0.1
PATH=D:/Java/jdk-12.0.1/bin/server;D:/Java/jdk-12.0.1/bin;C:\WINDOWS\system32;C:\WINDOWS;C:\WINDOWS\System32\Wbem;C:\WINDOWS\System32\WindowsPowerShell\v1.0\;C:\WINDOWS\System32\OpenSSH\;D:\Java\jdk-12.0.1\bin;D:\TortoiseGit\bin;D:\Git\cmd;C:\Users\25721\AppData\Local\Microsoft\WindowsApps;C:\Users\25721\AppData\Local\GitHubDesktop\bin;C:\Users\25721\Desktop;
USERNAME=25721
OS=Windows_NT
PROCESSOR_IDENTIFIER=Intel64 Family 6 Model 158 Stepping 9, GenuineIntel



---------------  S Y S T E M  ---------------

OS: Windows 10 , 64 bit Build 17134 (10.0.17134.706)

CPU:total 8 (initial active 8) (4 cores per cpu, 2 threads per core) family 6 model 158 stepping 9, cmov, cx8, fxsr, mmx, sse, sse2, sse3, ssse3, sse4.1, sse4.2, popcnt, avx, avx2, aes, clmul, erms, 3dnowpref, lzcnt, ht, tsc, tscinvbit, bmi1, bmi2, adx, fma

Memory: 4k page, system-wide physical 8080M (1780M free)
TotalPageFile size 23120M (AvailPageFile size 7M)
current process WorkingSet (physical memory assigned to process): 10M, peak: 10M
current process commit charge ("private bytes"): 190M, peak: 192M

vm_info: Java HotSpot(TM) 64-Bit Server VM (12.0.1+12) for windows-amd64 JRE (12.0.1+12), built on Apr  2 2019 14:02:19 by "mach5one" with MS VC++ 15.5 (VS2017)

END.
